<?xml version="1.0" encoding="UTF-8"?>
<!-- Generated by org.testng.reporters.JUnitReportReporter -->
<testsuite skipped="0" hostname="DESKTOP-UI6MOJ8" name="com.test.testng.FirstTestng" tests="2" failures="0" timestamp="2019-11-04T00:16:50 IST" time="32.467" errors="0">
  <testcase name="login" time="13.520" classname="com.test.testng.FirstTestng"/>
  <testcase name="intialSetup" time="18.947" classname="com.test.testng.FirstTestng"/>
</testsuite> <!-- com.test.testng.FirstTestng -->
